<?xml version="1.0" encoding="UTF-8"?>
<!-- Generated by org.testng.reporters.JUnitXMLReporter -->
<testsuite hostname="M-SHARATH-KUMAR" ignored="0" name="Test" tests="4" failures="0" timestamp="2022-08-29T18:37:58 IST" time="0.096" errors="0">
  <testcase name="a" time="0.013" classname="com.crm.Vtiger.SampleTest"/>
  <testcase name="b" time="0.001" classname="com.crm.Vtiger.SampleTest"/>
  <testcase name="Hlo" time="0.003" classname="com.crm.Vtiger.DemoTest"/>
  <testcase name="display" time="0.003" classname="com.crm.Vtiger.DemoTest"/>
</testsuite> <!-- Test -->
