<?xml version="1.0" encoding="UTF-8"?>
<!-- Generated by org.testng.reporters.JUnitXMLReporter -->
<testsuite hostname="M-SHARATH-KUMAR" ignored="0" name="Test" tests="4" failures="0" timestamp="2022-08-29T19:29:09 IST" time="0.062" errors="0">
  <testcase name="aTest" time="0.008" classname="com.crm.Vtiger.SampleTest"/>
  <testcase name="bTest" time="0.0" classname="com.crm.Vtiger.SampleTest"/>
  <testcase name="HloTest" time="0.001" classname="com.crm.Vtiger.DemoTest"/>
  <testcase name="displayTest" time="0.0" classname="com.crm.Vtiger.DemoTest"/>
</testsuite> <!-- Test -->
