<?xml version="1.0" encoding="UTF-8"?>
<!-- Generated by org.testng.reporters.JUnitXMLReporter -->
<testsuite hostname="M-SHARATH-KUMAR" ignored="2" name="Test" tests="2" failures="0" timestamp="2022-08-29T18:37:43 IST" time="0.066" errors="0">
  <testcase name="b" time="0.008" classname="com.crm.Vtiger.SampleTest"/>
  <testcase name="Hlo" time="0.001" classname="com.crm.Vtiger.DemoTest"/>
  <testcase name="display" time="0.0" classname="com.crm.Vtiger.DemoTest">
    <ignored/>
  </testcase> <!-- display -->
  <testcase name="a" time="0.0" classname="com.crm.Vtiger.SampleTest">
    <ignored/>
  </testcase> <!-- a -->
</testsuite> <!-- Test -->
