<?xml version="1.0" encoding="UTF-8"?>
<testng-results skipped="0" failed="0" ignored="0" total="4" passed="4">
  <reporter-output>
  </reporter-output>
  <suite name="Suite" duration-ms="62" started-at="2022-08-29T19:29:09 IST" finished-at="2022-08-29T19:29:09 IST">
    <groups>
      <group name="regression">
        <method signature="DemoTest.HloTest()[pri:0, instance:com.crm.Vtiger.DemoTest@6c49835d]" name="HloTest" class="com.crm.Vtiger.DemoTest"/>
        <method signature="SampleTest.bTest()[pri:0, instance:com.crm.Vtiger.SampleTest@3224f60b]" name="bTest" class="com.crm.Vtiger.SampleTest"/>
      </group> <!-- regression -->
      <group name="smoke">
        <method signature="DemoTest.displayTest()[pri:0, instance:com.crm.Vtiger.DemoTest@6c49835d]" name="displayTest" class="com.crm.Vtiger.DemoTest"/>
        <method signature="SampleTest.aTest()[pri:0, instance:com.crm.Vtiger.SampleTest@3224f60b]" name="aTest" class="com.crm.Vtiger.SampleTest"/>
      </group> <!-- smoke -->
    </groups>
    <test name="Test" duration-ms="62" started-at="2022-08-29T19:29:09 IST" finished-at="2022-08-29T19:29:09 IST">
      <class name="com.crm.Vtiger.SampleTest">
        <test-method status="PASS" signature="aTest()[pri:0, instance:com.crm.Vtiger.SampleTest@3224f60b]" name="aTest" duration-ms="8" started-at="2022-08-29T19:29:09 IST" finished-at="2022-08-29T19:29:09 IST">
          <reporter-output>
          </reporter-output>
        </test-method> <!-- aTest -->
        <test-method status="PASS" signature="bTest()[pri:0, instance:com.crm.Vtiger.SampleTest@3224f60b]" name="bTest" duration-ms="0" started-at="2022-08-29T19:29:09 IST" finished-at="2022-08-29T19:29:09 IST">
          <reporter-output>
          </reporter-output>
        </test-method> <!-- bTest -->
      </class> <!-- com.crm.Vtiger.SampleTest -->
      <class name="com.crm.Vtiger.DemoTest">
        <test-method status="PASS" signature="HloTest()[pri:0, instance:com.crm.Vtiger.DemoTest@6c49835d]" name="HloTest" duration-ms="1" started-at="2022-08-29T19:29:09 IST" finished-at="2022-08-29T19:29:09 IST">
          <reporter-output>
          </reporter-output>
        </test-method> <!-- HloTest -->
        <test-method status="PASS" signature="displayTest()[pri:0, instance:com.crm.Vtiger.DemoTest@6c49835d]" name="displayTest" duration-ms="0" started-at="2022-08-29T19:29:09 IST" finished-at="2022-08-29T19:29:09 IST">
          <reporter-output>
          </reporter-output>
        </test-method> <!-- displayTest -->
      </class> <!-- com.crm.Vtiger.DemoTest -->
    </test> <!-- Test -->
  </suite> <!-- Suite -->
</testng-results>
