<?xml version="1.0" encoding="UTF-8"?>
<testng-results skipped="0" failed="0" ignored="0" total="1" passed="1">
  <reporter-output>
  </reporter-output>
  <suite name="Suite" duration-ms="40" started-at="2022-08-29T12:17:27 IST" finished-at="2022-08-29T12:17:27 IST">
    <groups>
    </groups>
    <test name="Test" duration-ms="40" started-at="2022-08-29T12:17:27 IST" finished-at="2022-08-29T12:17:27 IST">
      <class name="com.crm.Vtiger.DemoTest">
        <test-method status="PASS" signature="display()[pri:0, instance:com.crm.Vtiger.DemoTest@3b084709]" name="display" duration-ms="5" started-at="2022-08-29T12:17:27 IST" finished-at="2022-08-29T12:17:27 IST">
          <reporter-output>
          </reporter-output>
        </test-method> <!-- display -->
      </class> <!-- com.crm.Vtiger.DemoTest -->
    </test> <!-- Test -->
  </suite> <!-- Suite -->
</testng-results>
