<?xml version="1.0" encoding="UTF-8"?>
<testng-results skipped="0" failed="0" ignored="0" total="1" passed="1">
  <reporter-output>
  </reporter-output>
  <suite name="Default suite" duration-ms="69" started-at="2022-08-29T11:52:30 IST" finished-at="2022-08-29T11:52:30 IST">
    <groups>
    </groups>
    <test name="Default test" duration-ms="69" started-at="2022-08-29T11:52:30 IST" finished-at="2022-08-29T11:52:30 IST">
      <class name="com.crm.Vtiger.DemoTest">
        <test-method status="PASS" signature="display()[pri:0, instance:com.crm.Vtiger.DemoTest@6f195bc3]" name="display" duration-ms="11" started-at="2022-08-29T11:52:30 IST" finished-at="2022-08-29T11:52:30 IST">
          <reporter-output>
          </reporter-output>
        </test-method> <!-- display -->
      </class> <!-- com.crm.Vtiger.DemoTest -->
    </test> <!-- Default test -->
  </suite> <!-- Default suite -->
</testng-results>
