<?xml version="1.0" encoding="UTF-8"?>
<testng-results skipped="0" failed="0" ignored="0" total="4" passed="4">
  <reporter-output>
  </reporter-output>
  <suite name="Suite" duration-ms="96" started-at="2022-08-29T18:37:58 IST" finished-at="2022-08-29T18:37:58 IST">
    <groups>
      <group name="regression">
        <method signature="DemoTest.Hlo()[pri:0, instance:com.crm.Vtiger.DemoTest@32d2fa64]" name="Hlo" class="com.crm.Vtiger.DemoTest"/>
        <method signature="SampleTest.b()[pri:0, instance:com.crm.Vtiger.SampleTest@51e2adc7]" name="b" class="com.crm.Vtiger.SampleTest"/>
      </group> <!-- regression -->
      <group name="smoke">
        <method signature="DemoTest.display()[pri:0, instance:com.crm.Vtiger.DemoTest@32d2fa64]" name="display" class="com.crm.Vtiger.DemoTest"/>
        <method signature="SampleTest.a()[pri:0, instance:com.crm.Vtiger.SampleTest@51e2adc7]" name="a" class="com.crm.Vtiger.SampleTest"/>
      </group> <!-- smoke -->
    </groups>
    <test name="Test" duration-ms="96" started-at="2022-08-29T18:37:58 IST" finished-at="2022-08-29T18:37:58 IST">
      <class name="com.crm.Vtiger.SampleTest">
        <test-method status="PASS" signature="a()[pri:0, instance:com.crm.Vtiger.SampleTest@51e2adc7]" name="a" duration-ms="13" started-at="2022-08-29T18:37:58 IST" finished-at="2022-08-29T18:37:58 IST">
          <reporter-output>
          </reporter-output>
        </test-method> <!-- a -->
        <test-method status="PASS" signature="b()[pri:0, instance:com.crm.Vtiger.SampleTest@51e2adc7]" name="b" duration-ms="1" started-at="2022-08-29T18:37:58 IST" finished-at="2022-08-29T18:37:58 IST">
          <reporter-output>
          </reporter-output>
        </test-method> <!-- b -->
      </class> <!-- com.crm.Vtiger.SampleTest -->
      <class name="com.crm.Vtiger.DemoTest">
        <test-method status="PASS" signature="Hlo()[pri:0, instance:com.crm.Vtiger.DemoTest@32d2fa64]" name="Hlo" duration-ms="3" started-at="2022-08-29T18:37:58 IST" finished-at="2022-08-29T18:37:58 IST">
          <reporter-output>
          </reporter-output>
        </test-method> <!-- Hlo -->
        <test-method status="PASS" signature="display()[pri:0, instance:com.crm.Vtiger.DemoTest@32d2fa64]" name="display" duration-ms="3" started-at="2022-08-29T18:37:58 IST" finished-at="2022-08-29T18:37:58 IST">
          <reporter-output>
          </reporter-output>
        </test-method> <!-- display -->
      </class> <!-- com.crm.Vtiger.DemoTest -->
    </test> <!-- Test -->
  </suite> <!-- Suite -->
</testng-results>
